<?xml version="1.0" encoding="UTF-8"?>
<!-- Generated by org.testng.reporters.JUnitReportReporter -->
<testsuite hostname="CHOWDARY" failures="0" tests="3" name="com.Execution.TestPgExe" time="3.801" errors="0" timestamp="2023-11-02T13:22:18 IST" skipped="0">
  <testcase classname="com.Execution.TestPgExe" name="TableDataButton" time="0.167"/>
  <system-out/>
  <testcase classname="com.Execution.TestPgExe" name="InsertData" time="0.385"/>
  <system-out/>
  <testcase classname="com.Execution.TestPgExe" name="RefBtn" time="3.249"/>
  <system-out/>
</testsuite> <!-- com.Execution.TestPgExe -->
